Build started 12/18/2011 4:06:35 PM.
     1>Project "C:\Users\Bara2\Documents\Visual Studio 2010\Projects\assembler_project\assembler_project\assembler_project.vcxproj" on node 2 (build target(s)).
     1>InitializeBuildStatus:
         Creating "Debug\assembler_project.unsuccessfulbuild" because "AlwaysCreate" was specified.
       ClCompile:
         All outputs are up-to-date.
       ManifestResourceCompile:
         All outputs are up-to-date.
       Link:
         C:\Program Files\Microsoft Visual Studio 10.0\VC\bin\link.exe /ERRORREPORT:PROMPT /OUT:"C:\Users\Bara2\Documents\Visual Studio 2010\Projects\assembler_project\Debug\assembler_project.exe" /INCREMENTAL /NOLOGO kernel32.lib user32.lib gdi32.lib winspool.lib comdlg32.lib advapi32.lib shell32.lib ole32.lib oleaut32.lib uuid.lib odbc32.lib odbccp32.lib /MANIFEST /ManifestFile:"Debug\assembler_project.exe.intermediate.manifest" /MANIFESTUAC:"level='asInvoker' uiAccess='false'" /DEBUG /PDB:"C:\Users\Bara2\Documents\Visual Studio 2010\Projects\assembler_project\Debug\assembler_project.pdb" /SUBSYSTEM:CONSOLE /TLBID:1 /DYNAMICBASE /NXCOMPAT /IMPLIB:"C:\Users\Bara2\Documents\Visual Studio 2010\Projects\assembler_project\Debug\assembler_project.lib" /MACHINE:X86 Debug\assembler_project.exe.embed.manifest.res
         Debug\Conversion.obj
         Debug\entry.obj
         LINK : C:\Users\Bara2\Documents\Visual Studio 2010\Projects\assembler_project\Debug\assembler_project.exe not found or not built by the last incremental link; performing full link
       Manifest:
         C:\Program Files\Microsoft SDKs\Windows\v7.0A\bin\mt.exe /nologo /verbose /out:"Debug\assembler_project.exe.embed.manifest" /manifest Debug\assembler_project.exe.intermediate.manifest
         All outputs are up-to-date.
       LinkEmbedManifest:
         All outputs are up-to-date.
         assembler_project.vcxproj -> C:\Users\Bara2\Documents\Visual Studio 2010\Projects\assembler_project\Debug\assembler_project.exe
       FinalizeBuildStatus:
         Deleting file "Debug\assembler_project.unsuccessfulbuild".
         Touching "Debug\assembler_project.lastbuildstate".
     1>Done Building Project "C:\Users\Bara2\Documents\Visual Studio 2010\Projects\assembler_project\assembler_project\assembler_project.vcxproj" (build target(s)).

Build succeeded.

Time Elapsed 00:00:01.46
